📊 開始 EOD 處理...
📅 日期: 20260420
✅ 進入目錄: /storage/emulated/0/bursasearch/myx_shop
📥 處理 Bursa EOD CSV...
✅ 找到 Bursa CSV: /storage/emulated/0/eskay9761/stock_data/Myx_Data/EOD/20260420.csv
======================================================================
📈 Bursa EOD 數據處理器 - 三倉庫同步版 (彻底排除凭单)
======================================================================
推薦數量: 15
同步倉庫: 是
憑單處理: 彻底排除所有凭单
----------------------------------------------------------------------

======================================================================
🚀 开始处理 Bursa 数据: 20260420.csv
======================================================================
📅 日期: 20260420 (2026-04-20)
📁 加载文件: 20260420.csv
✅ 使用编码: utf-8
✅ 加载成功: 2771行 × 19列
📋 列名: ['Code', 'Stock', 'Sector', 'Open', 'Last', 'Chg', 'High', 'Low', 'Y-High', 'Y-Low', 'Vol', 'DY*', 'B%', 'Vol MA (20)', 'RSI (14)', 'MACD (26, 12)', 'EPS*', 'P/E', 'Status']
🤖 生成增强版AI推荐 (使用B%和技术指标，彻底排除凭单)...
📊 检测到凭单数量: 1065 只
📊 普通股票数量: 1706 只
📊 基础过滤后: 43 只股票（价格≥0.20，成交量≥50,000，B%≥50，已排除凭单）
✅ 生成 15 个AI推荐（已排除所有凭单）

📊 處理統計:
   - 總股票數: 2771
   - 過濾後股票: 43
   - AI推薦: 15 支

🔥 前5名推荐:
1. 0325 NE - RM0.83 (得分: 98)
   行业: Property, B%: 60.0%, RSI: 50
   B% 60.0%; RSI中性; MACD金叉; 大涨3.5%
2. 0240 CORAZA - RM0.78 (得分: 96)
   行业: Property, B%: 58.0%, RSI: 50
   B% 58.0%; RSI中性; MACD金叉; 涨1.5%
3. 0390 ISF - RM0.5 (得分: 96)
   行业: Property, B%: 67.0%, RSI: 50
   B% 67.0%; RSI中性; MACD金叉; 涨1.5%
4. 0166 INARI - RM1.77 (得分: 95)
   行业: Industrial & Consumer Products, B%: 56.0%, RSI: 50
   B% 56.0%; RSI中性; MACD金叉; 大涨12.0%
5. 0259 SNS - RM0.475 (得分: 93)
   行业: Industrial & Consumer Products, B%: 56.0%, RSI: 50
   B% 56.0%; RSI中性; MACD金叉

======================================================================
🔄 同步到三個倉庫
======================================================================

📦 保存到倉庫: /storage/emulated/0/bursasearch/myx_shop
   ✅ web/picks_latest.json (15 支推薦)
   ✅ web/history/picks_20260420.json
   ✅ docs/web/picks_latest.json
   ✅ 日期配置已更新

📦 保存到倉庫: /storage/emulated/0/bursasearch/myx_shop_dev
   ✅ web/picks_latest.json (15 支推薦)
   ✅ web/history/picks_20260420.json
   ✅ docs/web/picks_latest.json
   ✅ 日期配置已更新

📦 保存到倉庫: /storage/emulated/0/bursasearch/myx_shop_test
   ✅ web/picks_latest.json (15 支推薦)
   ✅ web/history/picks_20260420.json
   ✅ docs/web/picks_latest.json
   ✅ 日期配置已更新

======================================================================
✅ 同步完成: 3/3 個倉庫
======================================================================

======================================================================
✅ 所有處理完成！
======================================================================
📥 處理 SGX EOD DAT...
✅ 找到 SGX DAT: /storage/emulated/0/eskay9761/stock_data/SGX_Data/EOD/20260420.dat
============================================================
📈 SGX EOD 數據處理器 - 三倉庫同步版
============================================================
閾值: SGD 0.2
最小成交量: 10000 股
推薦數量: 10 (只輸出前10名)
同步倉庫: 是
------------------------------------------------------------

============================================================
🚀 开始处理: 20260420.dat
============================================================
📅 日期: 20260420 (2026-04-20)
📂 读取文件: /storage/emulated/0/eskay9761/stock_data/SGX_Data/EOD/20260420.dat
✅ 读取成功，共 1236 行，17 欄位
🧹 清洗数据...
✅ 清洗完成，有效數據: 1217 行
🔍 应用过滤条件 (股价 >= SGD 0.2)...
   - 去除停牌股: 46 支
   - 去除Penny Stocks (股价<0.2): 485 支
   - 去除低成交量 (<10000股): 312 支
✅ 过滤完成: 374 支股票 (从 1217 支中筛选)
🤖 计算AI选股评分...
✅ 评分完成，最高分: 86.0

📊 處理統計:
   - 原始股票: 1236
   - 停牌去除: 46
   - Penny去除: 485
   - 低量去除: 312
   - 最終股票: 374
   - AI推薦: 10 支 (前10名)

============================================================
🔄 同步到三個倉庫
============================================================

📦 保存到倉庫: /storage/emulated/0/bursasearch/myx_shop
   ✅ web/sgx_picks_latest.json (前10支)
   ✅ docs/web/sgx_picks_latest.json (前10支)
   ✅ 日期配置已更新

📦 保存到倉庫: /storage/emulated/0/bursasearch/myx_shop_dev
   ✅ web/sgx_picks_latest.json (前10支)
   ✅ docs/web/sgx_picks_latest.json (前10支)
   ✅ 日期配置已更新

📦 保存到倉庫: /storage/emulated/0/bursasearch/myx_shop_test
   ✅ web/sgx_picks_latest.json (前10支)
   ✅ docs/web/sgx_picks_latest.json (前10支)
   ✅ 日期配置已更新

============================================================
✅ 同步完成: 3/3 個倉庫
============================================================

============================================================
✅ 所有處理完成！
============================================================
✅ SGX 數據已更新
📋 同步文件到 docs/ 目錄...
✅ 複製 HTML 到 docs/web/
✅ 複製 HTML 到 docs/
✅ 複製 picks_latest.json
✅ 複製 date_config.js
✅ 複製 Bursa 歷史數據
✅ 複製 sgx_picks_latest.json
✅ 複製 sgx_date_config.js
✅ 複製 SGX 歷史數據
✅ 複製 JS 文件
📦 Git 操作...
[master c98c8a3] 每日EOD更新 - 20260420
 10 files changed, 890 insertions(+), 340 deletions(-)
 create mode 100644 docs/web/history/picks_20260420.json
 create mode 100644 web/history/picks_20260420.json
To https://github.com/bursasearch/myx_shop.git
   a0740bc..c98c8a3  master -> master
✅ 推送完成
🧹 清理暫存文件...
📊 生成報告...
✅ 報告已生成
