📊 開始 EOD 處理...
📅 日期: 20260506
✅ 進入目錄: /storage/emulated/0/bursasearch/myx_shop
📥 處理 Bursa EOD CSV...
✅ 找到 Bursa CSV: /storage/emulated/0/eskay9761/stock_data/Myx_Data/EOD/20260506.csv
======================================================================
📈 Bursa EOD 數據處理器 - 三倉庫同步版 (彻底排除凭单)
======================================================================
推薦數量: 15
同步倉庫: 是
憑單處理: 彻底排除所有凭单
----------------------------------------------------------------------

======================================================================
🚀 开始处理 Bursa 数据: 20260506.csv
======================================================================
📅 日期: 20260506 (2026-05-06)
📁 加载文件: 20260506.csv
✅ 使用编码: utf-8
✅ 加载成功: 2748行 × 19列
📋 列名: ['Code', 'Stock', 'Sector', 'Open', 'Last', 'Chg', 'High', 'Low', 'Y-High', 'Y-Low', 'Vol', 'DY*', 'B%', 'Vol MA (20)', 'RSI (14)', 'MACD (26, 12)', 'EPS*', 'P/E', 'Status']
🤖 生成增强版AI推荐 (使用B%和技术指标，彻底排除凭单)...
📊 检测到凭单数量: 1054 只
📊 普通股票数量: 1694 只
📊 基础过滤后: 65 只股票（价格≥0.20，成交量≥50,000，B%≥50，已排除凭单）
✅ 生成 15 个AI推荐（已排除所有凭单）

📊 處理統計:
   - 總股票數: 2748
   - 過濾後股票: 65
   - AI推薦: 15 支

🔥 前5名推荐:
1. 5264 MALAKOF - RM0.94 (得分: 98)
   行业: Industrial & Consumer Products, B%: 66.0%, RSI: 50
   B% 66.0%; RSI中性; MACD金叉; 大涨4.5%
2. 5148 UEMS - RM0.665 (得分: 98)
   行业: Industrial & Consumer Products, B%: 56.0%, RSI: 50
   B% 56.0%; RSI中性; MACD金叉; 大涨3.5%
3. 526354 SUNCON-C54 - RM0.355 (得分: 98)
   行业: Technology, B%: 65.0%, RSI: 50
   B% 65.0%; RSI中性; MACD金叉; 大涨4.0%
4. 0275 OPPSTAR - RM0.36 (得分: 98)
   行业: Property, B%: 61.0%, RSI: 50
   B% 61.0%; RSI中性; MACD金叉; 大涨3.5%
5. 0240 CORAZA - RM0.875 (得分: 98)
   行业: Property, B%: 68.0%, RSI: 50
   B% 68.0%; RSI中性; MACD金叉; 大涨8.0%

======================================================================
🔄 同步到三個倉庫
======================================================================

📦 保存到倉庫: /storage/emulated/0/bursasearch/myx_shop
   ✅ web/picks_latest.json (15 支推薦)
   ✅ web/history/picks_20260506.json
   ✅ docs/web/picks_latest.json
   ✅ 日期配置已更新

📦 保存到倉庫: /storage/emulated/0/bursasearch/myx_shop_dev
   ✅ web/picks_latest.json (15 支推薦)
   ✅ web/history/picks_20260506.json
   ✅ docs/web/picks_latest.json
   ✅ 日期配置已更新

📦 保存到倉庫: /storage/emulated/0/bursasearch/myx_shop_test
   ✅ web/picks_latest.json (15 支推薦)
   ✅ web/history/picks_20260506.json
   ✅ docs/web/picks_latest.json
   ✅ 日期配置已更新

======================================================================
✅ 同步完成: 3/3 個倉庫
======================================================================

======================================================================
✅ 所有處理完成！
======================================================================
📥 處理 SGX EOD DAT...
✅ 找到 SGX DAT: /storage/emulated/0/eskay9761/stock_data/SGX_Data/EOD/20260506.dat
============================================================
📈 SGX EOD 數據處理器 - 三倉庫同步版
============================================================
閾值: SGD 0.2
最小成交量: 10000 股
推薦數量: 10 (只輸出前10名)
同步倉庫: 是
------------------------------------------------------------

============================================================
🚀 开始处理: 20260506.dat
============================================================
📅 日期: 20260506 (2026-05-06)
📂 读取文件: /storage/emulated/0/eskay9761/stock_data/SGX_Data/EOD/20260506.dat
✅ 读取成功，共 1260 行，17 欄位
🧹 清洗数据...
✅ 清洗完成，有效數據: 1227 行
🔍 应用过滤条件 (股价 >= SGD 0.2)...
   - 去除停牌股: 43 支
   - 去除Penny Stocks (股价<0.2): 495 支
   - 去除低成交量 (<10000股): 309 支
✅ 过滤完成: 380 支股票 (从 1227 支中筛选)
🤖 计算AI选股评分...
✅ 评分完成，最高分: 90.1

📊 處理統計:
   - 原始股票: 1260
   - 停牌去除: 43
   - Penny去除: 495
   - 低量去除: 309
   - 最終股票: 380
   - AI推薦: 10 支 (前10名)

============================================================
🔄 同步到三個倉庫
============================================================

📦 保存到倉庫: /storage/emulated/0/bursasearch/myx_shop
   ✅ web/sgx_picks_latest.json (前10支)
   ✅ docs/web/sgx_picks_latest.json (前10支)
   ✅ 日期配置已更新

📦 保存到倉庫: /storage/emulated/0/bursasearch/myx_shop_dev
   ✅ web/sgx_picks_latest.json (前10支)
   ✅ docs/web/sgx_picks_latest.json (前10支)
   ✅ 日期配置已更新

📦 保存到倉庫: /storage/emulated/0/bursasearch/myx_shop_test
   ✅ web/sgx_picks_latest.json (前10支)
   ✅ docs/web/sgx_picks_latest.json (前10支)
   ✅ 日期配置已更新

============================================================
✅ 同步完成: 3/3 個倉庫
============================================================

============================================================
✅ 所有處理完成！
============================================================
📋 同步文件到 docs/ 目錄...
✅ 複製 HTML 到 docs/web/
✅ 複製 Bursa 歷史數據
✅ 複製 SGX 歷史數據
✅ 複製 JS 文件
📦 Git 操作...
[master e808bf2] 每日EOD更新 - 20260506
 10 files changed, 1120 insertions(+), 582 deletions(-)
 create mode 100644 docs/web/history/picks_20260506.json
 create mode 100644 web/history/picks_20260506.json
To https://github.com/bursasearch/myx_shop.git
   6d28d5f..e808bf2  master -> master
✅ 推送完成
🧹 清理暫存文件...
📊 生成報告...
✅ 報告已生成
