📅 处理日期: 20260314

📥 处理 Bursa EOD CSV...
⚠️ 没有 20260314 的 Bursa 数据（可能休市）

📥 处理 SGX EOD DAT...
⚠️ 没有 20260314 的 SGX 数据（可能休市）

📋 同步 HTML 文件...
  ✅ HTML 文件已同步

📦 推送到主仓库 (myx_shop)...
[master 66dfb4b] 每日EOD更新 - 20260314
 2 files changed, 51 insertions(+), 14 deletions(-)
To https://github.com/bursasearch/myx_shop.git
 ! [rejected]        master -> master (fetch first)
error: failed to push some refs to 'https://github.com/bursasearch/myx_shop.git'
hint: Updates were rejected because the remote contains work that you do not
hint: have locally. This is usually caused by another repository pushing to
hint: the same ref. If you want to integrate the remote changes, use
hint: 'git pull' before pushing again.
hint: See the 'Note about fast-forwards' in 'git push --help' for details.

📦 推送到开发仓库 (myx_shop_dev)...
On branch master
Your branch is up to date with 'origin/master'.

nothing to commit, working tree clean
Everything up-to-date

📊 生成报告...
✅ 报告已生成: /storage/emulated/0/bursasearch/myx_shop/logs/report_20260314.txt
