📊 開始 EOD 處理...
📅 日期: 20260421
✅ 進入目錄: /storage/emulated/0/bursasearch/myx_shop
📥 處理 Bursa EOD CSV...
✅ 找到 Bursa CSV: /storage/emulated/0/eskay9761/stock_data/Myx_Data/EOD/20260421.csv
======================================================================
📈 Bursa EOD 數據處理器 - 三倉庫同步版 (彻底排除凭单)
======================================================================
推薦數量: 15
同步倉庫: 是
憑單處理: 彻底排除所有凭单
----------------------------------------------------------------------

======================================================================
🚀 开始处理 Bursa 数据: 20260421.csv
======================================================================
📅 日期: 20260421 (2026-04-21)
📁 加载文件: 20260421.csv
✅ 使用编码: utf-8
✅ 加载成功: 2783行 × 19列
📋 列名: ['Code', 'Stock', 'Sector', 'Open', 'Last', 'Chg', 'High', 'Low', 'Y-High', 'Y-Low', 'Vol', 'DY*', 'B%', 'Vol MA (20)', 'RSI (14)', 'MACD (26, 12)', 'EPS*', 'P/E', 'Status']
🤖 生成增强版AI推荐 (使用B%和技术指标，彻底排除凭单)...
📊 检测到凭单数量: 1068 只
📊 普通股票数量: 1715 只
📊 基础过滤后: 61 只股票（价格≥0.20，成交量≥50,000，B%≥50，已排除凭单）
✅ 生成 15 个AI推荐（已排除所有凭单）

📊 處理統計:
   - 總股票數: 2783
   - 過濾後股票: 61
   - AI推薦: 15 支

🔥 前5名推荐:
1. 0138 ZETRIX - RM0.895 (得分: 98)
   行业: Industrial & Consumer Products, B%: 55.0%, RSI: 50
   B% 55.0%; RSI中性; MACD金叉; 大涨4.0%
2. 5264 MALAKOF - RM0.9 (得分: 98)
   行业: Industrial & Consumer Products, B%: 74.0%, RSI: 50
   B% 74.0%; RSI中性; MACD金叉; 大涨4.5%
3. 0391 AMBEST - RM0.56 (得分: 98)
   行业: Property, B%: 61.0%, RSI: 50
   B% 61.0%; RSI中性; MACD金叉; 大涨4.5%
4. 0277 CLOUDPT - RM0.555 (得分: 98)
   行业: Industrial & Consumer Products, B%: 72.0%, RSI: 50
   B% 72.0%; RSI中性; MACD金叉; 大涨3.5%
5. 5317 CPETECH - RM0.765 (得分: 98)
   行业: Industrial & Consumer Products, B%: 66.0%, RSI: 50
   B% 66.0%; RSI中性; MACD金叉; 大涨12.5%

======================================================================
🔄 同步到三個倉庫
======================================================================

📦 保存到倉庫: /storage/emulated/0/bursasearch/myx_shop
   ✅ web/picks_latest.json (15 支推薦)
   ✅ web/history/picks_20260421.json
   ✅ docs/web/picks_latest.json
   ✅ 日期配置已更新

📦 保存到倉庫: /storage/emulated/0/bursasearch/myx_shop_dev
   ✅ web/picks_latest.json (15 支推薦)
   ✅ web/history/picks_20260421.json
   ✅ docs/web/picks_latest.json
   ✅ 日期配置已更新

📦 保存到倉庫: /storage/emulated/0/bursasearch/myx_shop_test
   ✅ web/picks_latest.json (15 支推薦)
   ✅ web/history/picks_20260421.json
   ✅ docs/web/picks_latest.json
   ✅ 日期配置已更新

======================================================================
✅ 同步完成: 3/3 個倉庫
======================================================================

======================================================================
✅ 所有處理完成！
======================================================================
📥 處理 SGX EOD DAT...
✅ 找到 SGX DAT: /storage/emulated/0/eskay9761/stock_data/SGX_Data/EOD/20260421.dat
============================================================
📈 SGX EOD 數據處理器 - 三倉庫同步版
============================================================
閾值: SGD 0.2
最小成交量: 10000 股
推薦數量: 10 (只輸出前10名)
同步倉庫: 是
------------------------------------------------------------

============================================================
🚀 开始处理: 20260421.dat
============================================================
📅 日期: 20260421 (2026-04-21)
📂 读取文件: /storage/emulated/0/eskay9761/stock_data/SGX_Data/EOD/20260421.dat
✅ 读取成功，共 1235 行，17 欄位
🧹 清洗数据...
✅ 清洗完成，有效數據: 1216 行
🔍 应用过滤条件 (股价 >= SGD 0.2)...
   - 去除停牌股: 45 支
   - 去除Penny Stocks (股价<0.2): 486 支
   - 去除低成交量 (<10000股): 318 支
✅ 过滤完成: 367 支股票 (从 1216 支中筛选)
🤖 计算AI选股评分...
✅ 评分完成，最高分: 86.5

📊 處理統計:
   - 原始股票: 1235
   - 停牌去除: 45
   - Penny去除: 486
   - 低量去除: 318
   - 最終股票: 367
   - AI推薦: 10 支 (前10名)

============================================================
🔄 同步到三個倉庫
============================================================

📦 保存到倉庫: /storage/emulated/0/bursasearch/myx_shop
   ✅ web/sgx_picks_latest.json (前10支)
   ✅ docs/web/sgx_picks_latest.json (前10支)
   ✅ 日期配置已更新

📦 保存到倉庫: /storage/emulated/0/bursasearch/myx_shop_dev
   ✅ web/sgx_picks_latest.json (前10支)
   ✅ docs/web/sgx_picks_latest.json (前10支)
   ✅ 日期配置已更新

📦 保存到倉庫: /storage/emulated/0/bursasearch/myx_shop_test
   ✅ web/sgx_picks_latest.json (前10支)
   ✅ docs/web/sgx_picks_latest.json (前10支)
   ✅ 日期配置已更新

============================================================
✅ 同步完成: 3/3 個倉庫
============================================================

============================================================
✅ 所有處理完成！
============================================================
✅ SGX 數據已更新
📋 同步文件到 docs/ 目錄...
✅ 複製 HTML 到 docs/web/
✅ 複製 HTML 到 docs/
✅ 複製 picks_latest.json
✅ 複製 date_config.js
✅ 複製 Bursa 歷史數據
✅ 複製 sgx_picks_latest.json
✅ 複製 sgx_date_config.js
✅ 複製 SGX 歷史數據
✅ 複製 JS 文件
📦 Git 操作...
[master 87a4a03] 每日EOD更新 - 20260421
 10 files changed, 900 insertions(+), 350 deletions(-)
 create mode 100644 docs/web/history/picks_20260421.json
 create mode 100644 web/history/picks_20260421.json
To https://github.com/bursasearch/myx_shop.git
   c98c8a3..87a4a03  master -> master
✅ 推送完成
🧹 清理暫存文件...
📊 生成報告...
✅ 報告已生成
