📊 開始 EOD 處理...
📅 日期: 20260511
✅ 進入目錄: /storage/emulated/0/bursasearch/myx_shop
📥 處理 Bursa EOD CSV...
✅ 找到 Bursa CSV: /storage/emulated/0/eskay9761/stock_data/Myx_Data/EOD/20260511.csv
======================================================================
📈 Bursa EOD 數據處理器 - 三倉庫同步版 (彻底排除凭单)
======================================================================
推薦數量: 15
同步倉庫: 是
憑單處理: 彻底排除所有凭单
----------------------------------------------------------------------

======================================================================
🚀 开始处理 Bursa 数据: 20260511.csv
======================================================================
📅 日期: 20260511 (2026-05-11)
📁 加载文件: 20260511.csv
✅ 使用编码: utf-8
✅ 加载成功: 2668行 × 19列
📋 列名: ['Code', 'Stock', 'Sector', 'Open', 'Last', 'Chg', 'High', 'Low', 'Y-High', 'Y-Low', 'Vol', 'DY*', 'B%', 'Vol MA (20)', 'RSI (14)', 'MACD (26, 12)', 'EPS*', 'P/E', 'Status']
🤖 生成增强版AI推荐 (使用B%和技术指标，彻底排除凭单)...
📊 检测到凭单数量: 995 只
📊 普通股票数量: 1673 只
📊 基础过滤后: 68 只股票（价格≥0.20，成交量≥50,000，B%≥50，已排除凭单）
✅ 生成 15 个AI推荐（已排除所有凭单）

📊 處理統計:
   - 總股票數: 2668
   - 過濾後股票: 68
   - AI推薦: 15 支

🔥 前5名推荐:
1. 0272 TTVHB - RM0.33 (得分: 101)
   行业: Property, B%: 57.0%, RSI: 50
   B% 57.0%; RSI中性; MACD金叉; 大涨12.0%
2. 0217 PWRWELL - RM0.775 (得分: 98)
   行业: Property, B%: 73.0%, RSI: 50
   B% 73.0%; RSI中性; MACD金叉; 大涨5.0%
3. 0275 OPPSTAR - RM0.68 (得分: 98)
   行业: Property, B%: 58.0%, RSI: 50
   B% 58.0%; RSI中性; MACD金叉; 大涨30.0%
4. 0146 JFTECH - RM0.585 (得分: 98)
   行业: Industrial & Consumer Products, B%: 62.0%, RSI: 50
   B% 62.0%; RSI中性; MACD金叉; 大涨4.5%
5. 7113 TOPGLOV - RM0.855 (得分: 98)
   行业: Industrial & Consumer Products, B%: 62.0%, RSI: 50
   B% 62.0%; RSI中性; MACD金叉; 大涨9.5%

======================================================================
🔄 同步到三個倉庫
======================================================================

📦 保存到倉庫: /storage/emulated/0/bursasearch/myx_shop
   ✅ web/picks_latest.json (15 支推薦)
   ✅ web/history/picks_20260511.json
   ✅ docs/web/picks_latest.json
   ✅ 日期配置已更新

📦 保存到倉庫: /storage/emulated/0/bursasearch/myx_shop_dev
   ✅ web/picks_latest.json (15 支推薦)
   ✅ web/history/picks_20260511.json
   ✅ docs/web/picks_latest.json
   ✅ 日期配置已更新

📦 保存到倉庫: /storage/emulated/0/bursasearch/myx_shop_test
   ✅ web/picks_latest.json (15 支推薦)
   ✅ web/history/picks_20260511.json
   ✅ docs/web/picks_latest.json
   ✅ 日期配置已更新

======================================================================
✅ 同步完成: 3/3 個倉庫
======================================================================

======================================================================
✅ 所有處理完成！
======================================================================
📥 處理 SGX EOD DAT...
✅ 找到 SGX DAT: /storage/emulated/0/eskay9761/stock_data/SGX_Data/EOD/20260511.dat
============================================================
📈 SGX EOD 數據處理器 - 三倉庫同步版
============================================================
閾值: SGD 0.2
最小成交量: 10000 股
推薦數量: 10 (只輸出前10名)
同步倉庫: 是
------------------------------------------------------------

============================================================
🚀 开始处理: 20260511.dat
============================================================
📅 日期: 20260511 (2026-05-11)
📂 读取文件: /storage/emulated/0/eskay9761/stock_data/SGX_Data/EOD/20260511.dat
✅ 读取成功，共 1260 行，17 欄位
🧹 清洗数据...
✅ 清洗完成，有效數據: 1237 行
🔍 应用过滤条件 (股价 >= SGD 0.2)...
   - 去除停牌股: 43 支
   - 去除Penny Stocks (股价<0.2): 499 支
   - 去除低成交量 (<10000股): 296 支
✅ 过滤完成: 399 支股票 (从 1237 支中筛选)
🤖 计算AI选股评分...
✅ 评分完成，最高分: 85.4

📊 處理統計:
   - 原始股票: 1260
   - 停牌去除: 43
   - Penny去除: 499
   - 低量去除: 296
   - 最終股票: 399
   - AI推薦: 10 支 (前10名)

============================================================
🔄 同步到三個倉庫
============================================================

📦 保存到倉庫: /storage/emulated/0/bursasearch/myx_shop
   ✅ web/sgx_picks_latest.json (前10支)
   ✅ docs/web/sgx_picks_latest.json (前10支)
   ✅ 日期配置已更新

📦 保存到倉庫: /storage/emulated/0/bursasearch/myx_shop_dev
   ✅ web/sgx_picks_latest.json (前10支)
   ✅ docs/web/sgx_picks_latest.json (前10支)
   ✅ 日期配置已更新

📦 保存到倉庫: /storage/emulated/0/bursasearch/myx_shop_test
   ✅ web/sgx_picks_latest.json (前10支)
   ✅ docs/web/sgx_picks_latest.json (前10支)
   ✅ 日期配置已更新

============================================================
✅ 同步完成: 3/3 個倉庫
============================================================

============================================================
✅ 所有處理完成！
============================================================
📋 同步文件到 docs/ 目錄...
✅ 複製 HTML 到 docs/web/
✅ 複製 Bursa 歷史數據
✅ 複製 SGX 歷史數據
✅ 複製 JS 文件
📦 Git 操作...
[master 2302e60] 每日EOD更新 - 20260511
 10 files changed, 1110 insertions(+), 572 deletions(-)
 create mode 100644 docs/web/history/picks_20260511.json
 create mode 100644 web/history/picks_20260511.json
To https://github.com/bursasearch/myx_shop.git
   960b09d..2302e60  master -> master
✅ 推送完成
🧹 清理暫存文件...
📊 生成報告...
✅ 報告已生成
